[2020-10-14 11:54:36] production.ERROR: file_get_contents(/home/alunoifpe/Área de Trabalho/Crud_laravel-master/.env): failed to open stream: No such file or directory {"exception":"[object] (ErrorException(code: 0): file_get_contents(/home/alunoifpe/Área de Trabalho/Crud_laravel-master/.env): failed to open stream: No such file or directory at /home/alunoifpe/Área de Trabalho/Crud_laravel-master/vendor/laravel/framework/src/Illuminate/Foundation/Console/KeyGenerateCommand.php:96)
[stacktrace]
#0 [internal function]: Illuminate\\Foundation\\Bootstrap\\HandleExceptions->handleError()
#1 /home/alunoifpe/Área de Trabalho/Crud_laravel-master/vendor/laravel/framework/src/Illuminate/Foundation/Console/KeyGenerateCommand.php(96): file_get_contents()
#2 /home/alunoifpe/Área de Trabalho/Crud_laravel-master/vendor/laravel/framework/src/Illuminate/Foundation/Console/KeyGenerateCommand.php(80): Illuminate\\Foundation\\Console\\KeyGenerateCommand->writeNewEnvironmentFileWith()
#3 /home/alunoifpe/Área de Trabalho/Crud_laravel-master/vendor/laravel/framework/src/Illuminate/Foundation/Console/KeyGenerateCommand.php(45): Illuminate\\Foundation\\Console\\KeyGenerateCommand->setKeyInEnvironmentFile()
#4 [internal function]: Illuminate\\Foundation\\Console\\KeyGenerateCommand->handle()
#5 /home/alunoifpe/Área de Trabalho/Crud_laravel-master/vendor/laravel/framework/src/Illuminate/Container/BoundMethod.php(29): call_user_func_array()
#6 /home/alunoifpe/Área de Trabalho/Crud_laravel-master/vendor/laravel/framework/src/Illuminate/Container/BoundMethod.php(87): Illuminate\\Container\\BoundMethod::Illuminate\\Container\\{closure}()
#7 /home/alunoifpe/Área de Trabalho/Crud_laravel-master/vendor/laravel/framework/src/Illuminate/Container/BoundMethod.php(31): Illuminate\\Container\\BoundMethod::callBoundMethod()
#8 /home/alunoifpe/Área de Trabalho/Crud_laravel-master/vendor/laravel/framework/src/Illuminate/Container/Container.php(549): Illuminate\\Container\\BoundMethod::call()
#9 /home/alunoifpe/Área de Trabalho/Crud_laravel-master/vendor/laravel/framework/src/Illuminate/Console/Command.php(183): Illuminate\\Container\\Container->call()
#10 /home/alunoifpe/Área de Trabalho/Crud_laravel-master/vendor/symfony/console/Command/Command.php(255): Illuminate\\Console\\Command->execute()
#11 /home/alunoifpe/Área de Trabalho/Crud_laravel-master/vendor/laravel/framework/src/Illuminate/Console/Command.php(170): Symfony\\Component\\Console\\Command\\Command->run()
#12 /home/alunoifpe/Área de Trabalho/Crud_laravel-master/vendor/symfony/console/Application.php(963): Illuminate\\Console\\Command->run()
#13 /home/alunoifpe/Área de Trabalho/Crud_laravel-master/vendor/symfony/console/Application.php(254): Symfony\\Component\\Console\\Application->doRunCommand()
#14 /home/alunoifpe/Área de Trabalho/Crud_laravel-master/vendor/symfony/console/Application.php(147): Symfony\\Component\\Console\\Application->doRun()
#15 /home/alunoifpe/Área de Trabalho/Crud_laravel-master/vendor/laravel/framework/src/Illuminate/Console/Application.php(88): Symfony\\Component\\Console\\Application->run()
#16 /home/alunoifpe/Área de Trabalho/Crud_laravel-master/vendor/laravel/framework/src/Illuminate/Foundation/Console/Kernel.php(121): Illuminate\\Console\\Application->run()
#17 /home/alunoifpe/Área de Trabalho/Crud_laravel-master/artisan(37): Illuminate\\Foundation\\Console\\Kernel->handle()
#18 {main}
"} 
[2020-10-14 11:55:06] production.ERROR: SQLSTATE[HY000] [1045] Access denied for user 'forge'@'localhost' (using password: NO) {"exception":"[object] (Doctrine\\DBAL\\Driver\\PDOException(code: 1045): SQLSTATE[HY000] [1045] Access denied for user 'forge'@'localhost' (using password: NO) at /home/alunoifpe/Área de Trabalho/Crud_laravel-master/vendor/doctrine/dbal/lib/Doctrine/DBAL/Driver/PDOConnection.php:47, PDOException(code: 1045): SQLSTATE[HY000] [1045] Access denied for user 'forge'@'localhost' (using password: NO) at /home/alunoifpe/Área de Trabalho/Crud_laravel-master/vendor/doctrine/dbal/lib/Doctrine/DBAL/Driver/PDOConnection.php:43)
[stacktrace]
#0 /home/alunoifpe/Área de Trabalho/Crud_laravel-master/vendor/laravel/framework/src/Illuminate/Database/Connectors/Connector.php(64): Doctrine\\DBAL\\Driver\\PDOConnection->__construct()
#1 /home/alunoifpe/Área de Trabalho/Crud_laravel-master/vendor/laravel/framework/src/Illuminate/Database/Connectors/Connector.php(43): Illuminate\\Database\\Connectors\\Connector->createPdoConnection()
#2 /home/alunoifpe/Área de Trabalho/Crud_laravel-master/vendor/laravel/framework/src/Illuminate/Database/Connectors/MySqlConnector.php(24): Illuminate\\Database\\Connectors\\Connector->createConnection()
#3 /home/alunoifpe/Área de Trabalho/Crud_laravel-master/vendor/laravel/framework/src/Illuminate/Database/Connectors/ConnectionFactory.php(183): Illuminate\\Database\\Connectors\\MySqlConnector->connect()
#4 [internal function]: Illuminate\\Database\\Connectors\\ConnectionFactory->Illuminate\\Database\\Connectors\\{closure}()
#5 /home/alunoifpe/Área de Trabalho/Crud_laravel-master/vendor/laravel/framework/src/Illuminate/Database/Connection.php(915): call_user_func()
#6 /home/alunoifpe/Área de Trabalho/Crud_laravel-master/vendor/laravel/framework/src/Illuminate/Database/Connection.php(940): Illuminate\\Database\\Connection->getPdo()
#7 /home/alunoifpe/Área de Trabalho/Crud_laravel-master/vendor/laravel/framework/src/Illuminate/Database/Connection.php(399): Illuminate\\Database\\Connection->getReadPdo()
#8 /home/alunoifpe/Área de Trabalho/Crud_laravel-master/vendor/laravel/framework/src/Illuminate/Database/Connection.php(325): Illuminate\\Database\\Connection->getPdoForSelect()
#9 /home/alunoifpe/Área de Trabalho/Crud_laravel-master/vendor/laravel/framework/src/Illuminate/Database/Connection.php(657): Illuminate\\Database\\Connection->Illuminate\\Database\\{closure}()
#10 /home/alunoifpe/Área de Trabalho/Crud_laravel-master/vendor/laravel/framework/src/Illuminate/Database/Connection.php(624): Illuminate\\Database\\Connection->runQueryCallback()
#11 /home/alunoifpe/Área de Trabalho/Crud_laravel-master/vendor/laravel/framework/src/Illuminate/Database/Connection.php(333): Illuminate\\Database\\Connection->run()
#12 /home/alunoifpe/Área de Trabalho/Crud_laravel-master/vendor/laravel/framework/src/Illuminate/Database/Schema/MySqlBuilder.php(18): Illuminate\\Database\\Connection->select()
#13 /home/alunoifpe/Área de Trabalho/Crud_laravel-master/vendor/laravel/framework/src/Illuminate/Database/Migrations/DatabaseMigrationRepository.php(156): Illuminate\\Database\\Schema\\MySqlBuilder->hasTable()
#14 /home/alunoifpe/Área de Trabalho/Crud_laravel-master/vendor/laravel/framework/src/Illuminate/Database/Migrations/Migrator.php(545): Illuminate\\Database\\Migrations\\DatabaseMigrationRepository->repositoryExists()
#15 /home/alunoifpe/Área de Trabalho/Crud_laravel-master/vendor/laravel/framework/src/Illuminate/Database/Console/Migrations/MigrateCommand.php(96): Illuminate\\Database\\Migrations\\Migrator->repositoryExists()
#16 /home/alunoifpe/Área de Trabalho/Crud_laravel-master/vendor/laravel/framework/src/Illuminate/Database/Console/Migrations/MigrateCommand.php(62): Illuminate\\Database\\Console\\Migrations\\MigrateCommand->prepareDatabase()
#17 [internal function]: Illuminate\\Database\\Console\\Migrations\\MigrateCommand->handle()
#18 /home/alunoifpe/Área de Trabalho/Crud_laravel-master/vendor/laravel/framework/src/Illuminate/Container/BoundMethod.php(29): call_user_func_array()
#19 /home/alunoifpe/Área de Trabalho/Crud_laravel-master/vendor/laravel/framework/src/Illuminate/Container/BoundMethod.php(87): Illuminate\\Container\\BoundMethod::Illuminate\\Container\\{closure}()
#20 /home/alunoifpe/Área de Trabalho/Crud_laravel-master/vendor/laravel/framework/src/Illuminate/Container/BoundMethod.php(31): Illuminate\\Container\\BoundMethod::callBoundMethod()
#21 /home/alunoifpe/Área de Trabalho/Crud_laravel-master/vendor/laravel/framework/src/Illuminate/Container/Container.php(549): Illuminate\\Container\\BoundMethod::call()
#22 /home/alunoifpe/Área de Trabalho/Crud_laravel-master/vendor/laravel/framework/src/Illuminate/Console/Command.php(183): Illuminate\\Container\\Container->call()
#23 /home/alunoifpe/Área de Trabalho/Crud_laravel-master/vendor/symfony/console/Command/Command.php(255): Illuminate\\Console\\Command->execute()
#24 /home/alunoifpe/Área de Trabalho/Crud_laravel-master/vendor/laravel/framework/src/Illuminate/Console/Command.php(170): Symfony\\Component\\Console\\Command\\Command->run()
#25 /home/alunoifpe/Área de Trabalho/Crud_laravel-master/vendor/symfony/console/Application.php(963): Illuminate\\Console\\Command->run()
#26 /home/alunoifpe/Área de Trabalho/Crud_laravel-master/vendor/symfony/console/Application.php(254): Symfony\\Component\\Console\\Application->doRunCommand()
#27 /home/alunoifpe/Área de Trabalho/Crud_laravel-master/vendor/symfony/console/Application.php(147): Symfony\\Component\\Console\\Application->doRun()
#28 /home/alunoifpe/Área de Trabalho/Crud_laravel-master/vendor/laravel/framework/src/Illuminate/Console/Application.php(88): Symfony\\Component\\Console\\Application->run()
#29 /home/alunoifpe/Área de Trabalho/Crud_laravel-master/vendor/laravel/framework/src/Illuminate/Foundation/Console/Kernel.php(121): Illuminate\\Console\\Application->run()
#30 /home/alunoifpe/Área de Trabalho/Crud_laravel-master/artisan(37): Illuminate\\Foundation\\Console\\Kernel->handle()
#31 {main}
"} 
[2020-10-14 11:55:06] production.ERROR: SQLSTATE[HY000] [1045] Access denied for user 'forge'@'localhost' (using password: NO) (SQL: select * from information_schema.tables where table_schema = forge and table_name = migrations) {"exception":"[object] (Illuminate\\Database\\QueryException(code: 1045): SQLSTATE[HY000] [1045] Access denied for user 'forge'@'localhost' (using password: NO) (SQL: select * from information_schema.tables where table_schema = forge and table_name = migrations) at /home/alunoifpe/Área de Trabalho/Crud_laravel-master/vendor/laravel/framework/src/Illuminate/Database/Connection.php:664, Doctrine\\DBAL\\Driver\\PDOException(code: 1045): SQLSTATE[HY000] [1045] Access denied for user 'forge'@'localhost' (using password: NO) at /home/alunoifpe/Área de Trabalho/Crud_laravel-master/vendor/doctrine/dbal/lib/Doctrine/DBAL/Driver/PDOConnection.php:47, PDOException(code: 1045): SQLSTATE[HY000] [1045] Access denied for user 'forge'@'localhost' (using password: NO) at /home/alunoifpe/Área de Trabalho/Crud_laravel-master/vendor/doctrine/dbal/lib/Doctrine/DBAL/Driver/PDOConnection.php:43)
[stacktrace]
#0 /home/alunoifpe/Área de Trabalho/Crud_laravel-master/vendor/laravel/framework/src/Illuminate/Database/Connection.php(624): Illuminate\\Database\\Connection->runQueryCallback()
#1 /home/alunoifpe/Área de Trabalho/Crud_laravel-master/vendor/laravel/framework/src/Illuminate/Database/Connection.php(333): Illuminate\\Database\\Connection->run()
#2 /home/alunoifpe/Área de Trabalho/Crud_laravel-master/vendor/laravel/framework/src/Illuminate/Database/Schema/MySqlBuilder.php(18): Illuminate\\Database\\Connection->select()
#3 /home/alunoifpe/Área de Trabalho/Crud_laravel-master/vendor/laravel/framework/src/Illuminate/Database/Migrations/DatabaseMigrationRepository.php(156): Illuminate\\Database\\Schema\\MySqlBuilder->hasTable()
#4 /home/alunoifpe/Área de Trabalho/Crud_laravel-master/vendor/laravel/framework/src/Illuminate/Database/Migrations/Migrator.php(545): Illuminate\\Database\\Migrations\\DatabaseMigrationRepository->repositoryExists()
#5 /home/alunoifpe/Área de Trabalho/Crud_laravel-master/vendor/laravel/framework/src/Illuminate/Database/Console/Migrations/MigrateCommand.php(96): Illuminate\\Database\\Migrations\\Migrator->repositoryExists()
#6 /home/alunoifpe/Área de Trabalho/Crud_laravel-master/vendor/laravel/framework/src/Illuminate/Database/Console/Migrations/MigrateCommand.php(62): Illuminate\\Database\\Console\\Migrations\\MigrateCommand->prepareDatabase()
#7 [internal function]: Illuminate\\Database\\Console\\Migrations\\MigrateCommand->handle()
#8 /home/alunoifpe/Área de Trabalho/Crud_laravel-master/vendor/laravel/framework/src/Illuminate/Container/BoundMethod.php(29): call_user_func_array()
#9 /home/alunoifpe/Área de Trabalho/Crud_laravel-master/vendor/laravel/framework/src/Illuminate/Container/BoundMethod.php(87): Illuminate\\Container\\BoundMethod::Illuminate\\Container\\{closure}()
#10 /home/alunoifpe/Área de Trabalho/Crud_laravel-master/vendor/laravel/framework/src/Illuminate/Container/BoundMethod.php(31): Illuminate\\Container\\BoundMethod::callBoundMethod()
#11 /home/alunoifpe/Área de Trabalho/Crud_laravel-master/vendor/laravel/framework/src/Illuminate/Container/Container.php(549): Illuminate\\Container\\BoundMethod::call()
#12 /home/alunoifpe/Área de Trabalho/Crud_laravel-master/vendor/laravel/framework/src/Illuminate/Console/Command.php(183): Illuminate\\Container\\Container->call()
#13 /home/alunoifpe/Área de Trabalho/Crud_laravel-master/vendor/symfony/console/Command/Command.php(255): Illuminate\\Console\\Command->execute()
#14 /home/alunoifpe/Área de Trabalho/Crud_laravel-master/vendor/laravel/framework/src/Illuminate/Console/Command.php(170): Symfony\\Component\\Console\\Command\\Command->run()
#15 /home/alunoifpe/Área de Trabalho/Crud_laravel-master/vendor/symfony/console/Application.php(963): Illuminate\\Console\\Command->run()
#16 /home/alunoifpe/Área de Trabalho/Crud_laravel-master/vendor/symfony/console/Application.php(254): Symfony\\Component\\Console\\Application->doRunCommand()
#17 /home/alunoifpe/Área de Trabalho/Crud_laravel-master/vendor/symfony/console/Application.php(147): Symfony\\Component\\Console\\Application->doRun()
#18 /home/alunoifpe/Área de Trabalho/Crud_laravel-master/vendor/laravel/framework/src/Illuminate/Console/Application.php(88): Symfony\\Component\\Console\\Application->run()
#19 /home/alunoifpe/Área de Trabalho/Crud_laravel-master/vendor/laravel/framework/src/Illuminate/Foundation/Console/Kernel.php(121): Illuminate\\Console\\Application->run()
#20 /home/alunoifpe/Área de Trabalho/Crud_laravel-master/artisan(37): Illuminate\\Foundation\\Console\\Kernel->handle()
#21 {main}
"} 
[2020-10-14 11:55:16] production.ERROR: No application encryption key has been specified. {"exception":"[object] (RuntimeException(code: 0): No application encryption key has been specified. at /home/alunoifpe/Área de Trabalho/Crud_laravel-master/vendor/laravel/framework/src/Illuminate/Encryption/EncryptionServiceProvider.php:42)
[stacktrace]
#0 /home/alunoifpe/Área de Trabalho/Crud_laravel-master/vendor/laravel/framework/src/Illuminate/Support/helpers.php(1038): Illuminate\\Encryption\\EncryptionServiceProvider->Illuminate\\Encryption\\{closure}()
#1 /home/alunoifpe/Área de Trabalho/Crud_laravel-master/vendor/laravel/framework/src/Illuminate/Encryption/EncryptionServiceProvider.php(46): tap()
#2 /home/alunoifpe/Área de Trabalho/Crud_laravel-master/vendor/laravel/framework/src/Illuminate/Encryption/EncryptionServiceProvider.php(24): Illuminate\\Encryption\\EncryptionServiceProvider->key()
#3 /home/alunoifpe/Área de Trabalho/Crud_laravel-master/vendor/laravel/framework/src/Illuminate/Container/Container.php(749): Illuminate\\Encryption\\EncryptionServiceProvider->Illuminate\\Encryption\\{closure}()
#4 /home/alunoifpe/Área de Trabalho/Crud_laravel-master/vendor/laravel/framework/src/Illuminate/Container/Container.php(631): Illuminate\\Container\\Container->build()
#5 /home/alunoifpe/Área de Trabalho/Crud_laravel-master/vendor/laravel/framework/src/Illuminate/Container/Container.php(586): Illuminate\\Container\\Container->resolve()
#6 /home/alunoifpe/Área de Trabalho/Crud_laravel-master/vendor/laravel/framework/src/Illuminate/Foundation/Application.php(732): Illuminate\\Container\\Container->make()
#7 /home/alunoifpe/Área de Trabalho/Crud_laravel-master/vendor/laravel/framework/src/Illuminate/Container/Container.php(885): Illuminate\\Foundation\\Application->make()
#8 /home/alunoifpe/Área de Trabalho/Crud_laravel-master/vendor/laravel/framework/src/Illuminate/Container/Container.php(813): Illuminate\\Container\\Container->resolveClass()
#9 /home/alunoifpe/Área de Trabalho/Crud_laravel-master/vendor/laravel/framework/src/Illuminate/Container/Container.php(780): Illuminate\\Container\\Container->resolveDependencies()
#10 /home/alunoifpe/Área de Trabalho/Crud_laravel-master/vendor/laravel/framework/src/Illuminate/Container/Container.php(631): Illuminate\\Container\\Container->build()
#11 /home/alunoifpe/Área de Trabalho/Crud_laravel-master/vendor/laravel/framework/src/Illuminate/Container/Container.php(586): Illuminate\\Container\\Container->resolve()
#12 /home/alunoifpe/Área de Trabalho/Crud_laravel-master/vendor/laravel/framework/src/Illuminate/Foundation/Application.php(732): Illuminate\\Container\\Container->make()
#13 /home/alunoifpe/Área de Trabalho/Crud_laravel-master/vendor/laravel/framework/src/Illuminate/Pipeline/Pipeline.php(138): Illuminate\\Foundation\\Application->make()
#14 /home/alunoifpe/Área de Trabalho/Crud_laravel-master/vendor/laravel/framework/src/Illuminate/Routing/Pipeline.php(53): Illuminate\\Pipeline\\Pipeline->Illuminate\\Pipeline\\{closure}()
#15 /home/alunoifpe/Área de Trabalho/Crud_laravel-master/vendor/laravel/framework/src/Illuminate/Pipeline/Pipeline.php(102): Illuminate\\Routing\\Pipeline->Illuminate\\Routing\\{closure}()
#16 /home/alunoifpe/Área de Trabalho/Crud_laravel-master/vendor/laravel/framework/src/Illuminate/Routing/Router.php(660): Illuminate\\Pipeline\\Pipeline->then()
#17 /home/alunoifpe/Área de Trabalho/Crud_laravel-master/vendor/laravel/framework/src/Illuminate/Routing/Router.php(635): Illuminate\\Routing\\Router->runRouteWithinStack()
#18 /home/alunoifpe/Área de Trabalho/Crud_laravel-master/vendor/laravel/framework/src/Illuminate/Routing/Router.php(601): Illuminate\\Routing\\Router->runRoute()
#19 /home/alunoifpe/Área de Trabalho/Crud_laravel-master/vendor/laravel/framework/src/Illuminate/Routing/Router.php(590): Illuminate\\Routing\\Router->dispatchToRoute()
#20 /home/alunoifpe/Área de Trabalho/Crud_laravel-master/vendor/laravel/framework/src/Illuminate/Foundation/Http/Kernel.php(176): Illuminate\\Routing\\Router->dispatch()
#21 /home/alunoifpe/Área de Trabalho/Crud_laravel-master/vendor/laravel/framework/src/Illuminate/Routing/Pipeline.php(30): Illuminate\\Foundation\\Http\\Kernel->Illuminate\\Foundation\\Http\\{closure}()
#22 /home/alunoifpe/Área de Trabalho/Crud_laravel-master/vendor/fideloper/proxy/src/TrustProxies.php(56): Illuminate\\Routing\\Pipeline->Illuminate\\Routing\\{closure}()
#23 /home/alunoifpe/Área de Trabalho/Crud_laravel-master/vendor/laravel/framework/src/Illuminate/Pipeline/Pipeline.php(149): Fideloper\\Proxy\\TrustProxies->handle()
#24 /home/alunoifpe/Área de Trabalho/Crud_laravel-master/vendor/laravel/framework/src/Illuminate/Routing/Pipeline.php(53): Illuminate\\Pipeline\\Pipeline->Illuminate\\Pipeline\\{closure}()
#25 /home/alunoifpe/Área de Trabalho/Crud_laravel-master/vendor/laravel/framework/src/Illuminate/Foundation/Http/Middleware/TransformsRequest.php(30): Illuminate\\Routing\\Pipeline->Illuminate\\Routing\\{closure}()
#26 /home/alunoifpe/Área de Trabalho/Crud_laravel-master/vendor/laravel/framework/src/Illuminate/Pipeline/Pipeline.php(149): Illuminate\\Foundation\\Http\\Middleware\\TransformsRequest->handle()
#27 /home/alunoifpe/Área de Trabalho/Crud_laravel-master/vendor/laravel/framework/src/Illuminate/Routing/Pipeline.php(53): Illuminate\\Pipeline\\Pipeline->Illuminate\\Pipeline\\{closure}()
#28 /home/alunoifpe/Área de Trabalho/Crud_laravel-master/vendor/laravel/framework/src/Illuminate/Foundation/Http/Middleware/TransformsRequest.php(30): Illuminate\\Routing\\Pipeline->Illuminate\\Routing\\{closure}()
#29 /home/alunoifpe/Área de Trabalho/Crud_laravel-master/vendor/laravel/framework/src/Illuminate/Pipeline/Pipeline.php(149): Illuminate\\Foundation\\Http\\Middleware\\TransformsRequest->handle()
#30 /home/alunoifpe/Área de Trabalho/Crud_laravel-master/vendor/laravel/framework/src/Illuminate/Routing/Pipeline.php(53): Illuminate\\Pipeline\\Pipeline->Illuminate\\Pipeline\\{closure}()
#31 /home/alunoifpe/Área de Trabalho/Crud_laravel-master/vendor/laravel/framework/src/Illuminate/Foundation/Http/Middleware/ValidatePostSize.php(27): Illuminate\\Routing\\Pipeline->Illuminate\\Routing\\{closure}()
#32 /home/alunoifpe/Área de Trabalho/Crud_laravel-master/vendor/laravel/framework/src/Illuminate/Pipeline/Pipeline.php(149): Illuminate\\Foundation\\Http\\Middleware\\ValidatePostSize->handle()
#33 /home/alunoifpe/Área de Trabalho/Crud_laravel-master/vendor/laravel/framework/src/Illuminate/Routing/Pipeline.php(53): Illuminate\\Pipeline\\Pipeline->Illuminate\\Pipeline\\{closure}()
#34 /home/alunoifpe/Área de Trabalho/Crud_laravel-master/vendor/laravel/framework/src/Illuminate/Foundation/Http/Middleware/CheckForMaintenanceMode.php(46): Illuminate\\Routing\\Pipeline->Illuminate\\Routing\\{closure}()
#35 /home/alunoifpe/Área de Trabalho/Crud_laravel-master/vendor/laravel/framework/src/Illuminate/Pipeline/Pipeline.php(149): Illuminate\\Foundation\\Http\\Middleware\\CheckForMaintenanceMode->handle()
#36 /home/alunoifpe/Área de Trabalho/Crud_laravel-master/vendor/laravel/framework/src/Illuminate/Routing/Pipeline.php(53): Illuminate\\Pipeline\\Pipeline->Illuminate\\Pipeline\\{closure}()
#37 /home/alunoifpe/Área de Trabalho/Crud_laravel-master/vendor/laravel/framework/src/Illuminate/Pipeline/Pipeline.php(102): Illuminate\\Routing\\Pipeline->Illuminate\\Routing\\{closure}()
#38 /home/alunoifpe/Área de Trabalho/Crud_laravel-master/vendor/laravel/framework/src/Illuminate/Foundation/Http/Kernel.php(151): Illuminate\\Pipeline\\Pipeline->then()
#39 /home/alunoifpe/Área de Trabalho/Crud_laravel-master/vendor/laravel/framework/src/Illuminate/Foundation/Http/Kernel.php(116): Illuminate\\Foundation\\Http\\Kernel->sendRequestThroughRouter()
#40 /home/alunoifpe/Área de Trabalho/Crud_laravel-master/public/index.php(55): Illuminate\\Foundation\\Http\\Kernel->handle()
#41 /home/alunoifpe/Área de Trabalho/Crud_laravel-master/server.php(21): require_once('/home/alunoifpe...')
#42 {main}
"} 
[2020-10-14 11:55:16] production.ERROR: No application encryption key has been specified. {"exception":"[object] (RuntimeException(code: 0): No application encryption key has been specified. at /home/alunoifpe/Área de Trabalho/Crud_laravel-master/vendor/laravel/framework/src/Illuminate/Encryption/EncryptionServiceProvider.php:42)
[stacktrace]
#0 /home/alunoifpe/Área de Trabalho/Crud_laravel-master/vendor/laravel/framework/src/Illuminate/Support/helpers.php(1038): Illuminate\\Encryption\\EncryptionServiceProvider->Illuminate\\Encryption\\{closure}()
#1 /home/alunoifpe/Área de Trabalho/Crud_laravel-master/vendor/laravel/framework/src/Illuminate/Encryption/EncryptionServiceProvider.php(46): tap()
#2 /home/alunoifpe/Área de Trabalho/Crud_laravel-master/vendor/laravel/framework/src/Illuminate/Encryption/EncryptionServiceProvider.php(24): Illuminate\\Encryption\\EncryptionServiceProvider->key()
#3 /home/alunoifpe/Área de Trabalho/Crud_laravel-master/vendor/laravel/framework/src/Illuminate/Container/Container.php(749): Illuminate\\Encryption\\EncryptionServiceProvider->Illuminate\\Encryption\\{closure}()
#4 /home/alunoifpe/Área de Trabalho/Crud_laravel-master/vendor/laravel/framework/src/Illuminate/Container/Container.php(631): Illuminate\\Container\\Container->build()
#5 /home/alunoifpe/Área de Trabalho/Crud_laravel-master/vendor/laravel/framework/src/Illuminate/Container/Container.php(586): Illuminate\\Container\\Container->resolve()
#6 /home/alunoifpe/Área de Trabalho/Crud_laravel-master/vendor/laravel/framework/src/Illuminate/Foundation/Application.php(732): Illuminate\\Container\\Container->make()
#7 /home/alunoifpe/Área de Trabalho/Crud_laravel-master/vendor/laravel/framework/src/Illuminate/Container/Container.php(885): Illuminate\\Foundation\\Application->make()
#8 /home/alunoifpe/Área de Trabalho/Crud_laravel-master/vendor/laravel/framework/src/Illuminate/Container/Container.php(813): Illuminate\\Container\\Container->resolveClass()
#9 /home/alunoifpe/Área de Trabalho/Crud_laravel-master/vendor/laravel/framework/src/Illuminate/Container/Container.php(780): Illuminate\\Container\\Container->resolveDependencies()
#10 /home/alunoifpe/Área de Trabalho/Crud_laravel-master/vendor/laravel/framework/src/Illuminate/Container/Container.php(631): Illuminate\\Container\\Container->build()
#11 /home/alunoifpe/Área de Trabalho/Crud_laravel-master/vendor/laravel/framework/src/Illuminate/Container/Container.php(586): Illuminate\\Container\\Container->resolve()
#12 /home/alunoifpe/Área de Trabalho/Crud_laravel-master/vendor/laravel/framework/src/Illuminate/Foundation/Application.php(732): Illuminate\\Container\\Container->make()
#13 /home/alunoifpe/Área de Trabalho/Crud_laravel-master/vendor/laravel/framework/src/Illuminate/Foundation/Http/Kernel.php(215): Illuminate\\Foundation\\Application->make()
#14 /home/alunoifpe/Área de Trabalho/Crud_laravel-master/vendor/laravel/framework/src/Illuminate/Foundation/Http/Kernel.php(189): Illuminate\\Foundation\\Http\\Kernel->terminateMiddleware()
#15 /home/alunoifpe/Área de Trabalho/Crud_laravel-master/public/index.php(60): Illuminate\\Foundation\\Http\\Kernel->terminate()
#16 /home/alunoifpe/Área de Trabalho/Crud_laravel-master/server.php(21): require_once('/home/alunoifpe...')
#17 {main}
"} 
[2020-10-14 12:06:49] production.ERROR: No application encryption key has been specified. {"exception":"[object] (RuntimeException(code: 0): No application encryption key has been specified. at /home/alunoifpe/Área de Trabalho/Crud_laravel-master/vendor/laravel/framework/src/Illuminate/Encryption/EncryptionServiceProvider.php:42)
[stacktrace]
#0 /home/alunoifpe/Área de Trabalho/Crud_laravel-master/vendor/laravel/framework/src/Illuminate/Support/helpers.php(1038): Illuminate\\Encryption\\EncryptionServiceProvider->Illuminate\\Encryption\\{closure}()
#1 /home/alunoifpe/Área de Trabalho/Crud_laravel-master/vendor/laravel/framework/src/Illuminate/Encryption/EncryptionServiceProvider.php(46): tap()
#2 /home/alunoifpe/Área de Trabalho/Crud_laravel-master/vendor/laravel/framework/src/Illuminate/Encryption/EncryptionServiceProvider.php(24): Illuminate\\Encryption\\EncryptionServiceProvider->key()
#3 /home/alunoifpe/Área de Trabalho/Crud_laravel-master/vendor/laravel/framework/src/Illuminate/Container/Container.php(749): Illuminate\\Encryption\\EncryptionServiceProvider->Illuminate\\Encryption\\{closure}()
#4 /home/alunoifpe/Área de Trabalho/Crud_laravel-master/vendor/laravel/framework/src/Illuminate/Container/Container.php(631): Illuminate\\Container\\Container->build()
#5 /home/alunoifpe/Área de Trabalho/Crud_laravel-master/vendor/laravel/framework/src/Illuminate/Container/Container.php(586): Illuminate\\Container\\Container->resolve()
#6 /home/alunoifpe/Área de Trabalho/Crud_laravel-master/vendor/laravel/framework/src/Illuminate/Foundation/Application.php(732): Illuminate\\Container\\Container->make()
#7 /home/alunoifpe/Área de Trabalho/Crud_laravel-master/vendor/laravel/framework/src/Illuminate/Container/Container.php(885): Illuminate\\Foundation\\Application->make()
#8 /home/alunoifpe/Área de Trabalho/Crud_laravel-master/vendor/laravel/framework/src/Illuminate/Container/Container.php(813): Illuminate\\Container\\Container->resolveClass()
#9 /home/alunoifpe/Área de Trabalho/Crud_laravel-master/vendor/laravel/framework/src/Illuminate/Container/Container.php(780): Illuminate\\Container\\Container->resolveDependencies()
#10 /home/alunoifpe/Área de Trabalho/Crud_laravel-master/vendor/laravel/framework/src/Illuminate/Container/Container.php(631): Illuminate\\Container\\Container->build()
#11 /home/alunoifpe/Área de Trabalho/Crud_laravel-master/vendor/laravel/framework/src/Illuminate/Container/Container.php(586): Illuminate\\Container\\Container->resolve()
#12 /home/alunoifpe/Área de Trabalho/Crud_laravel-master/vendor/laravel/framework/src/Illuminate/Foundation/Application.php(732): Illuminate\\Container\\Container->make()
#13 /home/alunoifpe/Área de Trabalho/Crud_laravel-master/vendor/laravel/framework/src/Illuminate/Pipeline/Pipeline.php(138): Illuminate\\Foundation\\Application->make()
#14 /home/alunoifpe/Área de Trabalho/Crud_laravel-master/vendor/laravel/framework/src/Illuminate/Routing/Pipeline.php(53): Illuminate\\Pipeline\\Pipeline->Illuminate\\Pipeline\\{closure}()
#15 /home/alunoifpe/Área de Trabalho/Crud_laravel-master/vendor/laravel/framework/src/Illuminate/Pipeline/Pipeline.php(102): Illuminate\\Routing\\Pipeline->Illuminate\\Routing\\{closure}()
#16 /home/alunoifpe/Área de Trabalho/Crud_laravel-master/vendor/laravel/framework/src/Illuminate/Routing/Router.php(660): Illuminate\\Pipeline\\Pipeline->then()
#17 /home/alunoifpe/Área de Trabalho/Crud_laravel-master/vendor/laravel/framework/src/Illuminate/Routing/Router.php(635): Illuminate\\Routing\\Router->runRouteWithinStack()
#18 /home/alunoifpe/Área de Trabalho/Crud_laravel-master/vendor/laravel/framework/src/Illuminate/Routing/Router.php(601): Illuminate\\Routing\\Router->runRoute()
#19 /home/alunoifpe/Área de Trabalho/Crud_laravel-master/vendor/laravel/framework/src/Illuminate/Routing/Router.php(590): Illuminate\\Routing\\Router->dispatchToRoute()
#20 /home/alunoifpe/Área de Trabalho/Crud_laravel-master/vendor/laravel/framework/src/Illuminate/Foundation/Http/Kernel.php(176): Illuminate\\Routing\\Router->dispatch()
#21 /home/alunoifpe/Área de Trabalho/Crud_laravel-master/vendor/laravel/framework/src/Illuminate/Routing/Pipeline.php(30): Illuminate\\Foundation\\Http\\Kernel->Illuminate\\Foundation\\Http\\{closure}()
#22 /home/alunoifpe/Área de Trabalho/Crud_laravel-master/vendor/fideloper/proxy/src/TrustProxies.php(56): Illuminate\\Routing\\Pipeline->Illuminate\\Routing\\{closure}()
#23 /home/alunoifpe/Área de Trabalho/Crud_laravel-master/vendor/laravel/framework/src/Illuminate/Pipeline/Pipeline.php(149): Fideloper\\Proxy\\TrustProxies->handle()
#24 /home/alunoifpe/Área de Trabalho/Crud_laravel-master/vendor/laravel/framework/src/Illuminate/Routing/Pipeline.php(53): Illuminate\\Pipeline\\Pipeline->Illuminate\\Pipeline\\{closure}()
#25 /home/alunoifpe/Área de Trabalho/Crud_laravel-master/vendor/laravel/framework/src/Illuminate/Foundation/Http/Middleware/TransformsRequest.php(30): Illuminate\\Routing\\Pipeline->Illuminate\\Routing\\{closure}()
#26 /home/alunoifpe/Área de Trabalho/Crud_laravel-master/vendor/laravel/framework/src/Illuminate/Pipeline/Pipeline.php(149): Illuminate\\Foundation\\Http\\Middleware\\TransformsRequest->handle()
#27 /home/alunoifpe/Área de Trabalho/Crud_laravel-master/vendor/laravel/framework/src/Illuminate/Routing/Pipeline.php(53): Illuminate\\Pipeline\\Pipeline->Illuminate\\Pipeline\\{closure}()
#28 /home/alunoifpe/Área de Trabalho/Crud_laravel-master/vendor/laravel/framework/src/Illuminate/Foundation/Http/Middleware/TransformsRequest.php(30): Illuminate\\Routing\\Pipeline->Illuminate\\Routing\\{closure}()
#29 /home/alunoifpe/Área de Trabalho/Crud_laravel-master/vendor/laravel/framework/src/Illuminate/Pipeline/Pipeline.php(149): Illuminate\\Foundation\\Http\\Middleware\\TransformsRequest->handle()
#30 /home/alunoifpe/Área de Trabalho/Crud_laravel-master/vendor/laravel/framework/src/Illuminate/Routing/Pipeline.php(53): Illuminate\\Pipeline\\Pipeline->Illuminate\\Pipeline\\{closure}()
#31 /home/alunoifpe/Área de Trabalho/Crud_laravel-master/vendor/laravel/framework/src/Illuminate/Foundation/Http/Middleware/ValidatePostSize.php(27): Illuminate\\Routing\\Pipeline->Illuminate\\Routing\\{closure}()
#32 /home/alunoifpe/Área de Trabalho/Crud_laravel-master/vendor/laravel/framework/src/Illuminate/Pipeline/Pipeline.php(149): Illuminate\\Foundation\\Http\\Middleware\\ValidatePostSize->handle()
#33 /home/alunoifpe/Área de Trabalho/Crud_laravel-master/vendor/laravel/framework/src/Illuminate/Routing/Pipeline.php(53): Illuminate\\Pipeline\\Pipeline->Illuminate\\Pipeline\\{closure}()
#34 /home/alunoifpe/Área de Trabalho/Crud_laravel-master/vendor/laravel/framework/src/Illuminate/Foundation/Http/Middleware/CheckForMaintenanceMode.php(46): Illuminate\\Routing\\Pipeline->Illuminate\\Routing\\{closure}()
#35 /home/alunoifpe/Área de Trabalho/Crud_laravel-master/vendor/laravel/framework/src/Illuminate/Pipeline/Pipeline.php(149): Illuminate\\Foundation\\Http\\Middleware\\CheckForMaintenanceMode->handle()
#36 /home/alunoifpe/Área de Trabalho/Crud_laravel-master/vendor/laravel/framework/src/Illuminate/Routing/Pipeline.php(53): Illuminate\\Pipeline\\Pipeline->Illuminate\\Pipeline\\{closure}()
#37 /home/alunoifpe/Área de Trabalho/Crud_laravel-master/vendor/laravel/framework/src/Illuminate/Pipeline/Pipeline.php(102): Illuminate\\Routing\\Pipeline->Illuminate\\Routing\\{closure}()
#38 /home/alunoifpe/Área de Trabalho/Crud_laravel-master/vendor/laravel/framework/src/Illuminate/Foundation/Http/Kernel.php(151): Illuminate\\Pipeline\\Pipeline->then()
#39 /home/alunoifpe/Área de Trabalho/Crud_laravel-master/vendor/laravel/framework/src/Illuminate/Foundation/Http/Kernel.php(116): Illuminate\\Foundation\\Http\\Kernel->sendRequestThroughRouter()
#40 /home/alunoifpe/Área de Trabalho/Crud_laravel-master/public/index.php(55): Illuminate\\Foundation\\Http\\Kernel->handle()
#41 /home/alunoifpe/Área de Trabalho/Crud_laravel-master/server.php(21): require_once('/home/alunoifpe...')
#42 {main}
"} 
[2020-10-14 12:06:49] production.ERROR: No application encryption key has been specified. {"exception":"[object] (RuntimeException(code: 0): No application encryption key has been specified. at /home/alunoifpe/Área de Trabalho/Crud_laravel-master/vendor/laravel/framework/src/Illuminate/Encryption/EncryptionServiceProvider.php:42)
[stacktrace]
#0 /home/alunoifpe/Área de Trabalho/Crud_laravel-master/vendor/laravel/framework/src/Illuminate/Support/helpers.php(1038): Illuminate\\Encryption\\EncryptionServiceProvider->Illuminate\\Encryption\\{closure}()
#1 /home/alunoifpe/Área de Trabalho/Crud_laravel-master/vendor/laravel/framework/src/Illuminate/Encryption/EncryptionServiceProvider.php(46): tap()
#2 /home/alunoifpe/Área de Trabalho/Crud_laravel-master/vendor/laravel/framework/src/Illuminate/Encryption/EncryptionServiceProvider.php(24): Illuminate\\Encryption\\EncryptionServiceProvider->key()
#3 /home/alunoifpe/Área de Trabalho/Crud_laravel-master/vendor/laravel/framework/src/Illuminate/Container/Container.php(749): Illuminate\\Encryption\\EncryptionServiceProvider->Illuminate\\Encryption\\{closure}()
#4 /home/alunoifpe/Área de Trabalho/Crud_laravel-master/vendor/laravel/framework/src/Illuminate/Container/Container.php(631): Illuminate\\Container\\Container->build()
#5 /home/alunoifpe/Área de Trabalho/Crud_laravel-master/vendor/laravel/framework/src/Illuminate/Container/Container.php(586): Illuminate\\Container\\Container->resolve()
#6 /home/alunoifpe/Área de Trabalho/Crud_laravel-master/vendor/laravel/framework/src/Illuminate/Foundation/Application.php(732): Illuminate\\Container\\Container->make()
#7 /home/alunoifpe/Área de Trabalho/Crud_laravel-master/vendor/laravel/framework/src/Illuminate/Container/Container.php(885): Illuminate\\Foundation\\Application->make()
#8 /home/alunoifpe/Área de Trabalho/Crud_laravel-master/vendor/laravel/framework/src/Illuminate/Container/Container.php(813): Illuminate\\Container\\Container->resolveClass()
#9 /home/alunoifpe/Área de Trabalho/Crud_laravel-master/vendor/laravel/framework/src/Illuminate/Container/Container.php(780): Illuminate\\Container\\Container->resolveDependencies()
#10 /home/alunoifpe/Área de Trabalho/Crud_laravel-master/vendor/laravel/framework/src/Illuminate/Container/Container.php(631): Illuminate\\Container\\Container->build()
#11 /home/alunoifpe/Área de Trabalho/Crud_laravel-master/vendor/laravel/framework/src/Illuminate/Container/Container.php(586): Illuminate\\Container\\Container->resolve()
#12 /home/alunoifpe/Área de Trabalho/Crud_laravel-master/vendor/laravel/framework/src/Illuminate/Foundation/Application.php(732): Illuminate\\Container\\Container->make()
#13 /home/alunoifpe/Área de Trabalho/Crud_laravel-master/vendor/laravel/framework/src/Illuminate/Foundation/Http/Kernel.php(215): Illuminate\\Foundation\\Application->make()
#14 /home/alunoifpe/Área de Trabalho/Crud_laravel-master/vendor/laravel/framework/src/Illuminate/Foundation/Http/Kernel.php(189): Illuminate\\Foundation\\Http\\Kernel->terminateMiddleware()
#15 /home/alunoifpe/Área de Trabalho/Crud_laravel-master/public/index.php(60): Illuminate\\Foundation\\Http\\Kernel->terminate()
#16 /home/alunoifpe/Área de Trabalho/Crud_laravel-master/server.php(21): require_once('/home/alunoifpe...')
#17 {main}
"} 
[2020-10-14 12:07:34] production.ERROR: No application encryption key has been specified. {"exception":"[object] (RuntimeException(code: 0): No application encryption key has been specified. at /home/alunoifpe/Área de Trabalho/Crud_laravel-master/vendor/laravel/framework/src/Illuminate/Encryption/EncryptionServiceProvider.php:42)
[stacktrace]
#0 /home/alunoifpe/Área de Trabalho/Crud_laravel-master/vendor/laravel/framework/src/Illuminate/Support/helpers.php(1038): Illuminate\\Encryption\\EncryptionServiceProvider->Illuminate\\Encryption\\{closure}()
#1 /home/alunoifpe/Área de Trabalho/Crud_laravel-master/vendor/laravel/framework/src/Illuminate/Encryption/EncryptionServiceProvider.php(46): tap()
#2 /home/alunoifpe/Área de Trabalho/Crud_laravel-master/vendor/laravel/framework/src/Illuminate/Encryption/EncryptionServiceProvider.php(24): Illuminate\\Encryption\\EncryptionServiceProvider->key()
#3 /home/alunoifpe/Área de Trabalho/Crud_laravel-master/vendor/laravel/framework/src/Illuminate/Container/Container.php(749): Illuminate\\Encryption\\EncryptionServiceProvider->Illuminate\\Encryption\\{closure}()
#4 /home/alunoifpe/Área de Trabalho/Crud_laravel-master/vendor/laravel/framework/src/Illuminate/Container/Container.php(631): Illuminate\\Container\\Container->build()
#5 /home/alunoifpe/Área de Trabalho/Crud_laravel-master/vendor/laravel/framework/src/Illuminate/Container/Container.php(586): Illuminate\\Container\\Container->resolve()
#6 /home/alunoifpe/Área de Trabalho/Crud_laravel-master/vendor/laravel/framework/src/Illuminate/Foundation/Application.php(732): Illuminate\\Container\\Container->make()
#7 /home/alunoifpe/Área de Trabalho/Crud_laravel-master/vendor/laravel/framework/src/Illuminate/Container/Container.php(885): Illuminate\\Foundation\\Application->make()
#8 /home/alunoifpe/Área de Trabalho/Crud_laravel-master/vendor/laravel/framework/src/Illuminate/Container/Container.php(813): Illuminate\\Container\\Container->resolveClass()
#9 /home/alunoifpe/Área de Trabalho/Crud_laravel-master/vendor/laravel/framework/src/Illuminate/Container/Container.php(780): Illuminate\\Container\\Container->resolveDependencies()
#10 /home/alunoifpe/Área de Trabalho/Crud_laravel-master/vendor/laravel/framework/src/Illuminate/Container/Container.php(631): Illuminate\\Container\\Container->build()
#11 /home/alunoifpe/Área de Trabalho/Crud_laravel-master/vendor/laravel/framework/src/Illuminate/Container/Container.php(586): Illuminate\\Container\\Container->resolve()
#12 /home/alunoifpe/Área de Trabalho/Crud_laravel-master/vendor/laravel/framework/src/Illuminate/Foundation/Application.php(732): Illuminate\\Container\\Container->make()
#13 /home/alunoifpe/Área de Trabalho/Crud_laravel-master/vendor/laravel/framework/src/Illuminate/Pipeline/Pipeline.php(138): Illuminate\\Foundation\\Application->make()
#14 /home/alunoifpe/Área de Trabalho/Crud_laravel-master/vendor/laravel/framework/src/Illuminate/Routing/Pipeline.php(53): Illuminate\\Pipeline\\Pipeline->Illuminate\\Pipeline\\{closure}()
#15 /home/alunoifpe/Área de Trabalho/Crud_laravel-master/vendor/laravel/framework/src/Illuminate/Pipeline/Pipeline.php(102): Illuminate\\Routing\\Pipeline->Illuminate\\Routing\\{closure}()
#16 /home/alunoifpe/Área de Trabalho/Crud_laravel-master/vendor/laravel/framework/src/Illuminate/Routing/Router.php(660): Illuminate\\Pipeline\\Pipeline->then()
#17 /home/alunoifpe/Área de Trabalho/Crud_laravel-master/vendor/laravel/framework/src/Illuminate/Routing/Router.php(635): Illuminate\\Routing\\Router->runRouteWithinStack()
#18 /home/alunoifpe/Área de Trabalho/Crud_laravel-master/vendor/laravel/framework/src/Illuminate/Routing/Router.php(601): Illuminate\\Routing\\Router->runRoute()
#19 /home/alunoifpe/Área de Trabalho/Crud_laravel-master/vendor/laravel/framework/src/Illuminate/Routing/Router.php(590): Illuminate\\Routing\\Router->dispatchToRoute()
#20 /home/alunoifpe/Área de Trabalho/Crud_laravel-master/vendor/laravel/framework/src/Illuminate/Foundation/Http/Kernel.php(176): Illuminate\\Routing\\Router->dispatch()
#21 /home/alunoifpe/Área de Trabalho/Crud_laravel-master/vendor/laravel/framework/src/Illuminate/Routing/Pipeline.php(30): Illuminate\\Foundation\\Http\\Kernel->Illuminate\\Foundation\\Http\\{closure}()
#22 /home/alunoifpe/Área de Trabalho/Crud_laravel-master/vendor/fideloper/proxy/src/TrustProxies.php(56): Illuminate\\Routing\\Pipeline->Illuminate\\Routing\\{closure}()
#23 /home/alunoifpe/Área de Trabalho/Crud_laravel-master/vendor/laravel/framework/src/Illuminate/Pipeline/Pipeline.php(149): Fideloper\\Proxy\\TrustProxies->handle()
#24 /home/alunoifpe/Área de Trabalho/Crud_laravel-master/vendor/laravel/framework/src/Illuminate/Routing/Pipeline.php(53): Illuminate\\Pipeline\\Pipeline->Illuminate\\Pipeline\\{closure}()
#25 /home/alunoifpe/Área de Trabalho/Crud_laravel-master/vendor/laravel/framework/src/Illuminate/Foundation/Http/Middleware/TransformsRequest.php(30): Illuminate\\Routing\\Pipeline->Illuminate\\Routing\\{closure}()
#26 /home/alunoifpe/Área de Trabalho/Crud_laravel-master/vendor/laravel/framework/src/Illuminate/Pipeline/Pipeline.php(149): Illuminate\\Foundation\\Http\\Middleware\\TransformsRequest->handle()
#27 /home/alunoifpe/Área de Trabalho/Crud_laravel-master/vendor/laravel/framework/src/Illuminate/Routing/Pipeline.php(53): Illuminate\\Pipeline\\Pipeline->Illuminate\\Pipeline\\{closure}()
#28 /home/alunoifpe/Área de Trabalho/Crud_laravel-master/vendor/laravel/framework/src/Illuminate/Foundation/Http/Middleware/TransformsRequest.php(30): Illuminate\\Routing\\Pipeline->Illuminate\\Routing\\{closure}()
#29 /home/alunoifpe/Área de Trabalho/Crud_laravel-master/vendor/laravel/framework/src/Illuminate/Pipeline/Pipeline.php(149): Illuminate\\Foundation\\Http\\Middleware\\TransformsRequest->handle()
#30 /home/alunoifpe/Área de Trabalho/Crud_laravel-master/vendor/laravel/framework/src/Illuminate/Routing/Pipeline.php(53): Illuminate\\Pipeline\\Pipeline->Illuminate\\Pipeline\\{closure}()
#31 /home/alunoifpe/Área de Trabalho/Crud_laravel-master/vendor/laravel/framework/src/Illuminate/Foundation/Http/Middleware/ValidatePostSize.php(27): Illuminate\\Routing\\Pipeline->Illuminate\\Routing\\{closure}()
#32 /home/alunoifpe/Área de Trabalho/Crud_laravel-master/vendor/laravel/framework/src/Illuminate/Pipeline/Pipeline.php(149): Illuminate\\Foundation\\Http\\Middleware\\ValidatePostSize->handle()
#33 /home/alunoifpe/Área de Trabalho/Crud_laravel-master/vendor/laravel/framework/src/Illuminate/Routing/Pipeline.php(53): Illuminate\\Pipeline\\Pipeline->Illuminate\\Pipeline\\{closure}()
#34 /home/alunoifpe/Área de Trabalho/Crud_laravel-master/vendor/laravel/framework/src/Illuminate/Foundation/Http/Middleware/CheckForMaintenanceMode.php(46): Illuminate\\Routing\\Pipeline->Illuminate\\Routing\\{closure}()
#35 /home/alunoifpe/Área de Trabalho/Crud_laravel-master/vendor/laravel/framework/src/Illuminate/Pipeline/Pipeline.php(149): Illuminate\\Foundation\\Http\\Middleware\\CheckForMaintenanceMode->handle()
#36 /home/alunoifpe/Área de Trabalho/Crud_laravel-master/vendor/laravel/framework/src/Illuminate/Routing/Pipeline.php(53): Illuminate\\Pipeline\\Pipeline->Illuminate\\Pipeline\\{closure}()
#37 /home/alunoifpe/Área de Trabalho/Crud_laravel-master/vendor/laravel/framework/src/Illuminate/Pipeline/Pipeline.php(102): Illuminate\\Routing\\Pipeline->Illuminate\\Routing\\{closure}()
#38 /home/alunoifpe/Área de Trabalho/Crud_laravel-master/vendor/laravel/framework/src/Illuminate/Foundation/Http/Kernel.php(151): Illuminate\\Pipeline\\Pipeline->then()
#39 /home/alunoifpe/Área de Trabalho/Crud_laravel-master/vendor/laravel/framework/src/Illuminate/Foundation/Http/Kernel.php(116): Illuminate\\Foundation\\Http\\Kernel->sendRequestThroughRouter()
#40 /home/alunoifpe/Área de Trabalho/Crud_laravel-master/public/index.php(55): Illuminate\\Foundation\\Http\\Kernel->handle()
#41 /home/alunoifpe/Área de Trabalho/Crud_laravel-master/server.php(21): require_once('/home/alunoifpe...')
#42 {main}
"} 
[2020-10-14 12:07:34] production.ERROR: No application encryption key has been specified. {"exception":"[object] (RuntimeException(code: 0): No application encryption key has been specified. at /home/alunoifpe/Área de Trabalho/Crud_laravel-master/vendor/laravel/framework/src/Illuminate/Encryption/EncryptionServiceProvider.php:42)
[stacktrace]
#0 /home/alunoifpe/Área de Trabalho/Crud_laravel-master/vendor/laravel/framework/src/Illuminate/Support/helpers.php(1038): Illuminate\\Encryption\\EncryptionServiceProvider->Illuminate\\Encryption\\{closure}()
#1 /home/alunoifpe/Área de Trabalho/Crud_laravel-master/vendor/laravel/framework/src/Illuminate/Encryption/EncryptionServiceProvider.php(46): tap()
#2 /home/alunoifpe/Área de Trabalho/Crud_laravel-master/vendor/laravel/framework/src/Illuminate/Encryption/EncryptionServiceProvider.php(24): Illuminate\\Encryption\\EncryptionServiceProvider->key()
#3 /home/alunoifpe/Área de Trabalho/Crud_laravel-master/vendor/laravel/framework/src/Illuminate/Container/Container.php(749): Illuminate\\Encryption\\EncryptionServiceProvider->Illuminate\\Encryption\\{closure}()
#4 /home/alunoifpe/Área de Trabalho/Crud_laravel-master/vendor/laravel/framework/src/Illuminate/Container/Container.php(631): Illuminate\\Container\\Container->build()
#5 /home/alunoifpe/Área de Trabalho/Crud_laravel-master/vendor/laravel/framework/src/Illuminate/Container/Container.php(586): Illuminate\\Container\\Container->resolve()
#6 /home/alunoifpe/Área de Trabalho/Crud_laravel-master/vendor/laravel/framework/src/Illuminate/Foundation/Application.php(732): Illuminate\\Container\\Container->make()
#7 /home/alunoifpe/Área de Trabalho/Crud_laravel-master/vendor/laravel/framework/src/Illuminate/Container/Container.php(885): Illuminate\\Foundation\\Application->make()
#8 /home/alunoifpe/Área de Trabalho/Crud_laravel-master/vendor/laravel/framework/src/Illuminate/Container/Container.php(813): Illuminate\\Container\\Container->resolveClass()
#9 /home/alunoifpe/Área de Trabalho/Crud_laravel-master/vendor/laravel/framework/src/Illuminate/Container/Container.php(780): Illuminate\\Container\\Container->resolveDependencies()
#10 /home/alunoifpe/Área de Trabalho/Crud_laravel-master/vendor/laravel/framework/src/Illuminate/Container/Container.php(631): Illuminate\\Container\\Container->build()
#11 /home/alunoifpe/Área de Trabalho/Crud_laravel-master/vendor/laravel/framework/src/Illuminate/Container/Container.php(586): Illuminate\\Container\\Container->resolve()
#12 /home/alunoifpe/Área de Trabalho/Crud_laravel-master/vendor/laravel/framework/src/Illuminate/Foundation/Application.php(732): Illuminate\\Container\\Container->make()
#13 /home/alunoifpe/Área de Trabalho/Crud_laravel-master/vendor/laravel/framework/src/Illuminate/Foundation/Http/Kernel.php(215): Illuminate\\Foundation\\Application->make()
#14 /home/alunoifpe/Área de Trabalho/Crud_laravel-master/vendor/laravel/framework/src/Illuminate/Foundation/Http/Kernel.php(189): Illuminate\\Foundation\\Http\\Kernel->terminateMiddleware()
#15 /home/alunoifpe/Área de Trabalho/Crud_laravel-master/public/index.php(60): Illuminate\\Foundation\\Http\\Kernel->terminate()
#16 /home/alunoifpe/Área de Trabalho/Crud_laravel-master/server.php(21): require_once('/home/alunoifpe...')
#17 {main}
"} 
[2020-10-14 12:08:01] production.ERROR: No application encryption key has been specified. {"exception":"[object] (RuntimeException(code: 0): No application encryption key has been specified. at /home/alunoifpe/Área de Trabalho/Crud_laravel-master/vendor/laravel/framework/src/Illuminate/Encryption/EncryptionServiceProvider.php:42)
[stacktrace]
#0 /home/alunoifpe/Área de Trabalho/Crud_laravel-master/vendor/laravel/framework/src/Illuminate/Support/helpers.php(1038): Illuminate\\Encryption\\EncryptionServiceProvider->Illuminate\\Encryption\\{closure}()
#1 /home/alunoifpe/Área de Trabalho/Crud_laravel-master/vendor/laravel/framework/src/Illuminate/Encryption/EncryptionServiceProvider.php(46): tap()
#2 /home/alunoifpe/Área de Trabalho/Crud_laravel-master/vendor/laravel/framework/src/Illuminate/Encryption/EncryptionServiceProvider.php(24): Illuminate\\Encryption\\EncryptionServiceProvider->key()
#3 /home/alunoifpe/Área de Trabalho/Crud_laravel-master/vendor/laravel/framework/src/Illuminate/Container/Container.php(749): Illuminate\\Encryption\\EncryptionServiceProvider->Illuminate\\Encryption\\{closure}()
#4 /home/alunoifpe/Área de Trabalho/Crud_laravel-master/vendor/laravel/framework/src/Illuminate/Container/Container.php(631): Illuminate\\Container\\Container->build()
#5 /home/alunoifpe/Área de Trabalho/Crud_laravel-master/vendor/laravel/framework/src/Illuminate/Container/Container.php(586): Illuminate\\Container\\Container->resolve()
#6 /home/alunoifpe/Área de Trabalho/Crud_laravel-master/vendor/laravel/framework/src/Illuminate/Foundation/Application.php(732): Illuminate\\Container\\Container->make()
#7 /home/alunoifpe/Área de Trabalho/Crud_laravel-master/vendor/laravel/framework/src/Illuminate/Container/Container.php(885): Illuminate\\Foundation\\Application->make()
#8 /home/alunoifpe/Área de Trabalho/Crud_laravel-master/vendor/laravel/framework/src/Illuminate/Container/Container.php(813): Illuminate\\Container\\Container->resolveClass()
#9 /home/alunoifpe/Área de Trabalho/Crud_laravel-master/vendor/laravel/framework/src/Illuminate/Container/Container.php(780): Illuminate\\Container\\Container->resolveDependencies()
#10 /home/alunoifpe/Área de Trabalho/Crud_laravel-master/vendor/laravel/framework/src/Illuminate/Container/Container.php(631): Illuminate\\Container\\Container->build()
#11 /home/alunoifpe/Área de Trabalho/Crud_laravel-master/vendor/laravel/framework/src/Illuminate/Container/Container.php(586): Illuminate\\Container\\Container->resolve()
#12 /home/alunoifpe/Área de Trabalho/Crud_laravel-master/vendor/laravel/framework/src/Illuminate/Foundation/Application.php(732): Illuminate\\Container\\Container->make()
#13 /home/alunoifpe/Área de Trabalho/Crud_laravel-master/vendor/laravel/framework/src/Illuminate/Pipeline/Pipeline.php(138): Illuminate\\Foundation\\Application->make()
#14 /home/alunoifpe/Área de Trabalho/Crud_laravel-master/vendor/laravel/framework/src/Illuminate/Routing/Pipeline.php(53): Illuminate\\Pipeline\\Pipeline->Illuminate\\Pipeline\\{closure}()
#15 /home/alunoifpe/Área de Trabalho/Crud_laravel-master/vendor/laravel/framework/src/Illuminate/Pipeline/Pipeline.php(102): Illuminate\\Routing\\Pipeline->Illuminate\\Routing\\{closure}()
#16 /home/alunoifpe/Área de Trabalho/Crud_laravel-master/vendor/laravel/framework/src/Illuminate/Routing/Router.php(660): Illuminate\\Pipeline\\Pipeline->then()
#17 /home/alunoifpe/Área de Trabalho/Crud_laravel-master/vendor/laravel/framework/src/Illuminate/Routing/Router.php(635): Illuminate\\Routing\\Router->runRouteWithinStack()
#18 /home/alunoifpe/Área de Trabalho/Crud_laravel-master/vendor/laravel/framework/src/Illuminate/Routing/Router.php(601): Illuminate\\Routing\\Router->runRoute()
#19 /home/alunoifpe/Área de Trabalho/Crud_laravel-master/vendor/laravel/framework/src/Illuminate/Routing/Router.php(590): Illuminate\\Routing\\Router->dispatchToRoute()
#20 /home/alunoifpe/Área de Trabalho/Crud_laravel-master/vendor/laravel/framework/src/Illuminate/Foundation/Http/Kernel.php(176): Illuminate\\Routing\\Router->dispatch()
#21 /home/alunoifpe/Área de Trabalho/Crud_laravel-master/vendor/laravel/framework/src/Illuminate/Routing/Pipeline.php(30): Illuminate\\Foundation\\Http\\Kernel->Illuminate\\Foundation\\Http\\{closure}()
#22 /home/alunoifpe/Área de Trabalho/Crud_laravel-master/vendor/fideloper/proxy/src/TrustProxies.php(56): Illuminate\\Routing\\Pipeline->Illuminate\\Routing\\{closure}()
#23 /home/alunoifpe/Área de Trabalho/Crud_laravel-master/vendor/laravel/framework/src/Illuminate/Pipeline/Pipeline.php(149): Fideloper\\Proxy\\TrustProxies->handle()
#24 /home/alunoifpe/Área de Trabalho/Crud_laravel-master/vendor/laravel/framework/src/Illuminate/Routing/Pipeline.php(53): Illuminate\\Pipeline\\Pipeline->Illuminate\\Pipeline\\{closure}()
#25 /home/alunoifpe/Área de Trabalho/Crud_laravel-master/vendor/laravel/framework/src/Illuminate/Foundation/Http/Middleware/TransformsRequest.php(30): Illuminate\\Routing\\Pipeline->Illuminate\\Routing\\{closure}()
#26 /home/alunoifpe/Área de Trabalho/Crud_laravel-master/vendor/laravel/framework/src/Illuminate/Pipeline/Pipeline.php(149): Illuminate\\Foundation\\Http\\Middleware\\TransformsRequest->handle()
#27 /home/alunoifpe/Área de Trabalho/Crud_laravel-master/vendor/laravel/framework/src/Illuminate/Routing/Pipeline.php(53): Illuminate\\Pipeline\\Pipeline->Illuminate\\Pipeline\\{closure}()
#28 /home/alunoifpe/Área de Trabalho/Crud_laravel-master/vendor/laravel/framework/src/Illuminate/Foundation/Http/Middleware/TransformsRequest.php(30): Illuminate\\Routing\\Pipeline->Illuminate\\Routing\\{closure}()
#29 /home/alunoifpe/Área de Trabalho/Crud_laravel-master/vendor/laravel/framework/src/Illuminate/Pipeline/Pipeline.php(149): Illuminate\\Foundation\\Http\\Middleware\\TransformsRequest->handle()
#30 /home/alunoifpe/Área de Trabalho/Crud_laravel-master/vendor/laravel/framework/src/Illuminate/Routing/Pipeline.php(53): Illuminate\\Pipeline\\Pipeline->Illuminate\\Pipeline\\{closure}()
#31 /home/alunoifpe/Área de Trabalho/Crud_laravel-master/vendor/laravel/framework/src/Illuminate/Foundation/Http/Middleware/ValidatePostSize.php(27): Illuminate\\Routing\\Pipeline->Illuminate\\Routing\\{closure}()
#32 /home/alunoifpe/Área de Trabalho/Crud_laravel-master/vendor/laravel/framework/src/Illuminate/Pipeline/Pipeline.php(149): Illuminate\\Foundation\\Http\\Middleware\\ValidatePostSize->handle()
#33 /home/alunoifpe/Área de Trabalho/Crud_laravel-master/vendor/laravel/framework/src/Illuminate/Routing/Pipeline.php(53): Illuminate\\Pipeline\\Pipeline->Illuminate\\Pipeline\\{closure}()
#34 /home/alunoifpe/Área de Trabalho/Crud_laravel-master/vendor/laravel/framework/src/Illuminate/Foundation/Http/Middleware/CheckForMaintenanceMode.php(46): Illuminate\\Routing\\Pipeline->Illuminate\\Routing\\{closure}()
#35 /home/alunoifpe/Área de Trabalho/Crud_laravel-master/vendor/laravel/framework/src/Illuminate/Pipeline/Pipeline.php(149): Illuminate\\Foundation\\Http\\Middleware\\CheckForMaintenanceMode->handle()
#36 /home/alunoifpe/Área de Trabalho/Crud_laravel-master/vendor/laravel/framework/src/Illuminate/Routing/Pipeline.php(53): Illuminate\\Pipeline\\Pipeline->Illuminate\\Pipeline\\{closure}()
#37 /home/alunoifpe/Área de Trabalho/Crud_laravel-master/vendor/laravel/framework/src/Illuminate/Pipeline/Pipeline.php(102): Illuminate\\Routing\\Pipeline->Illuminate\\Routing\\{closure}()
#38 /home/alunoifpe/Área de Trabalho/Crud_laravel-master/vendor/laravel/framework/src/Illuminate/Foundation/Http/Kernel.php(151): Illuminate\\Pipeline\\Pipeline->then()
#39 /home/alunoifpe/Área de Trabalho/Crud_laravel-master/vendor/laravel/framework/src/Illuminate/Foundation/Http/Kernel.php(116): Illuminate\\Foundation\\Http\\Kernel->sendRequestThroughRouter()
#40 /home/alunoifpe/Área de Trabalho/Crud_laravel-master/public/index.php(55): Illuminate\\Foundation\\Http\\Kernel->handle()
#41 /home/alunoifpe/Área de Trabalho/Crud_laravel-master/server.php(21): require_once('/home/alunoifpe...')
#42 {main}
"} 
[2020-10-14 12:08:01] production.ERROR: No application encryption key has been specified. {"exception":"[object] (RuntimeException(code: 0): No application encryption key has been specified. at /home/alunoifpe/Área de Trabalho/Crud_laravel-master/vendor/laravel/framework/src/Illuminate/Encryption/EncryptionServiceProvider.php:42)
[stacktrace]
#0 /home/alunoifpe/Área de Trabalho/Crud_laravel-master/vendor/laravel/framework/src/Illuminate/Support/helpers.php(1038): Illuminate\\Encryption\\EncryptionServiceProvider->Illuminate\\Encryption\\{closure}()
#1 /home/alunoifpe/Área de Trabalho/Crud_laravel-master/vendor/laravel/framework/src/Illuminate/Encryption/EncryptionServiceProvider.php(46): tap()
#2 /home/alunoifpe/Área de Trabalho/Crud_laravel-master/vendor/laravel/framework/src/Illuminate/Encryption/EncryptionServiceProvider.php(24): Illuminate\\Encryption\\EncryptionServiceProvider->key()
#3 /home/alunoifpe/Área de Trabalho/Crud_laravel-master/vendor/laravel/framework/src/Illuminate/Container/Container.php(749): Illuminate\\Encryption\\EncryptionServiceProvider->Illuminate\\Encryption\\{closure}()
#4 /home/alunoifpe/Área de Trabalho/Crud_laravel-master/vendor/laravel/framework/src/Illuminate/Container/Container.php(631): Illuminate\\Container\\Container->build()
#5 /home/alunoifpe/Área de Trabalho/Crud_laravel-master/vendor/laravel/framework/src/Illuminate/Container/Container.php(586): Illuminate\\Container\\Container->resolve()
#6 /home/alunoifpe/Área de Trabalho/Crud_laravel-master/vendor/laravel/framework/src/Illuminate/Foundation/Application.php(732): Illuminate\\Container\\Container->make()
#7 /home/alunoifpe/Área de Trabalho/Crud_laravel-master/vendor/laravel/framework/src/Illuminate/Container/Container.php(885): Illuminate\\Foundation\\Application->make()
#8 /home/alunoifpe/Área de Trabalho/Crud_laravel-master/vendor/laravel/framework/src/Illuminate/Container/Container.php(813): Illuminate\\Container\\Container->resolveClass()
#9 /home/alunoifpe/Área de Trabalho/Crud_laravel-master/vendor/laravel/framework/src/Illuminate/Container/Container.php(780): Illuminate\\Container\\Container->resolveDependencies()
#10 /home/alunoifpe/Área de Trabalho/Crud_laravel-master/vendor/laravel/framework/src/Illuminate/Container/Container.php(631): Illuminate\\Container\\Container->build()
#11 /home/alunoifpe/Área de Trabalho/Crud_laravel-master/vendor/laravel/framework/src/Illuminate/Container/Container.php(586): Illuminate\\Container\\Container->resolve()
#12 /home/alunoifpe/Área de Trabalho/Crud_laravel-master/vendor/laravel/framework/src/Illuminate/Foundation/Application.php(732): Illuminate\\Container\\Container->make()
#13 /home/alunoifpe/Área de Trabalho/Crud_laravel-master/vendor/laravel/framework/src/Illuminate/Foundation/Http/Kernel.php(215): Illuminate\\Foundation\\Application->make()
#14 /home/alunoifpe/Área de Trabalho/Crud_laravel-master/vendor/laravel/framework/src/Illuminate/Foundation/Http/Kernel.php(189): Illuminate\\Foundation\\Http\\Kernel->terminateMiddleware()
#15 /home/alunoifpe/Área de Trabalho/Crud_laravel-master/public/index.php(60): Illuminate\\Foundation\\Http\\Kernel->terminate()
#16 /home/alunoifpe/Área de Trabalho/Crud_laravel-master/server.php(21): require_once('/home/alunoifpe...')
#17 {main}
"} 
